(.venv) [130|0|17:27|xmatter@jsnb01:beam_scanner]$ ./latchup_checker_MINIMAL.py --freq 2000 --range 0.5 --diff 0.02 --interval 15
FIFO pipe opened successfully
Original pipe size: 65536
Modified pipe size: 1048576
0.06481661106237546
Latchup detected 5392
0.09621215704571363
Latchup detected 4143
0.038484862818285476
Latchup detected 15343
0.09486181098191412
Latchup detected 9440
0.06414143803047573
Latchup detected 13136
0.08642214808316732
Latchup detected 14433
0.08439662898746808
Latchup detected 8612
0.09553698401381384
Latchup detected 14242
0.09418663795001439
Latchup detected 8017
0.09553698401381387
Latchup detected 2663
0.09519939749786398
Latchup detected 12829
0.06380385151452589
Latchup detected 15888
0.06380385151452589
Latchup detected 10065
0.08777249414696679
Latchup detected 11752
0.09486181098191412
Latchup detected 15616
0.0918235323383653
Latchup detected 10179
0.0911483593064655
Latchup detected 4358
0.09553698401381384
Latchup detected 14523
0.06549178409427525
Latchup detected 243
0.07258110092922254
Latchup detected 971
0.0891228402107663
Latchup detected 11375
0.04759969874893197
Latchup detected 14182
0.09587457052976375
Latchup detected 7974
0.09654974356166346
Latchup detected 2463
0.0779824851844205
Latchup detected 13981
0.09688733007761334
Latchup detected 7848
0.09553698401381389
Latchup detected 2500
0.06312867848262615
Latchup detected 8604
0.08811008066291667
Latchup detected 10468
0.09756250310951307
Latchup detected 14485
0.09452422446596427
Latchup detected 8346
0.0962121570457136
Latchup detected 2765
0.09654974356166349
Latchup detected 13488
0.09553698401381386
Latchup detected 7258
0.06009039983907727
Latchup detected 10239
0.08405904247151821
Latchup detected 10343
0.07730731215252076
Latchup detected 4122
0.09519939749786396
Latchup detected 7440
0.0965497435616635
Latchup detected 1213
0.09553698401381387
Latchup detected 11786
0.095199397497864
Latchup detected 5551
0.06650454364212482
Latchup detected 8139
0.08811008066291669
Latchup detected 8479
0.08811008066291667
Latchup detected 2589
0.09486181098191414
Latchup detected 5796
0.0965497435616635
Latchup detected 15963
0.08979801324266605
Latchup detected 10536
0.04253590100968391
Latchup detected 13755
0.09587457052976371
Latchup detected 9170
0.09317387840216475
Latchup detected 11395
0.09351146491811464
Latchup detected 10661
0.09351146491811464
Latchup detected 4604
0.08507180201936784
Latchup detected 15488
0.0752817930568215
Latchup detected 9434
0.0472621122329821
Latchup detected 12026
0.09553698401381384
Latchup detected 4654
0.09384905143406452
Latchup detected 14973
0.0938490514340645
Latchup detected 9079
0.048274871780831785
Latchup detected 11595
0.09688733007761333
Latchup detected 1490
0.09587457052976375
Latchup detected 12063
0.09452422446596424
Latchup detected 6967
0.06582937061022509
Latchup detected 820
0.06447902454642562
Latchup detected 4130
0.09384905143406451
Latchup detected 12255
0.09587457052976375
Latchup detected 6119
0.09486181098191411
Latchup detected 57
0.0752817930568215
Latchup detected 10542
0.04658693920108237
Latchup detected 13209
0.06582937061022509
Latchup detected 8352
0.06549178409427521
Latchup detected 6169
0.09081077279051564
Latchup detected 192
0.09722491659356325
Latchup detected 11328
0.07629455260467112
Latchup detected 5183
-0.11815528058245531
Latchup detected 16355
0.060765572870977
Latchup detected 2351
0.06009039983907727
Latchup detected 13319
0.05874005377527777
Latchup detected 9445
0.09587457052976375
Latchup detected 3474
0.09452422446596423
Latchup detected 13638
0.09317387840216476
Latchup detected 7904
0.08338386943961848
Latchup detected 1912
0.06380385151452589
Latchup detected 5711
0.09317387840216476
Latchup detected 14467
0.09249870537026503
Latchup detected 8240
0.09553698401381384
Latchup detected 2907
0.06380385151452583
Latchup detected 5421
0.09418663795001439
Latchup detected 16330
0.05097556390843071
Latchup detected 11948
0.06279109196667626
Latchup detected 15102
-0.11241630981130749
Latchup detected 16355
0.07359386047707218
Latchup detected 5172
0.09756250310951312
Latchup detected 14502
0.09958802220521236
Latchup detected 13479
0.09722491659356322
Latchup detected 8374
0.09722491659356322
Latchup detected 12814
0.09553698401381384
Latchup detected 7550
0.09790008962546295
Latchup detected 3337
0.06042798635502712
Latchup detected 13650
0.09756250310951309
Latchup detected 15393
0.039497622366135035
Latchup detected 9639
0.04591176616918263
Latchup detected 3579
0.10161354130091158
Latchup detected 13
0.1002631952371121
Latchup detected 10888
0.08507180201936784
Latchup detected 4828
0.07123075486542307
Latchup detected 11832
0.08372145595556835
Latchup detected 10575
0.08777249414696679
Latchup detected 4597
0.08338386943961848
Latchup detected 2100
0.06785488970592432
Latchup detected 13468
0.08203352337581897
Latchup detected 9164
0.09722491659356323
Latchup detected 3734
0.03645934372258619
Latchup detected 14204
0.1002631952371121
Latchup detected 2698
0.09790008962546298
Latchup detected 14293
0.09081077279051566
Latchup detected 8210
0.082033523375819
Latchup detected 2216
0.09823767614141282
Latchup detected 10438
0.09823767614141286
Latchup detected 6042
0.032070719015237864
Latchup detected 10908
0.03308347856308748
Latchup detected 5147
0.03443382462688699
Latchup detected 12724
0.035108997658786695
Latchup detected 6662
0.03544658417473659
Latchup detected 821
0.03274589204713764
Latchup detected 11214
0.03207071901523788
Latchup detected 2189
0.029370026887638873
Latchup detected 12339
0.03375865159498724
Latchup detected 6360
0.03207071901523785
Latchup detected 864
0.03240830553118773
Latchup detected 9189
0.07291868744517241
Latchup detected 14367
0.09722491659356321
Latchup detected 8711
0.09722491659356322
Latchup detected 5036
0.09722491659356322
Latchup detected 7714
0.08439662898746805
Latchup detected 3516
0.09722491659356322
Latchup detected 14641
0.09756250310951309
Latchup detected 4696
0.09756250310951307
Latchup detected 12723
0.08203352337581897
Latchup detected 1489
0.053001083004129965
Latchup detected 11562
0.097900089625463
Latchup detected 4759
0.05738970771147828
Latchup detected 778
0.09790008962546297
Latchup detected 14939
0.0962121570457136
Latchup detected 8720
0.09722491659356325
Latchup detected 1502
0.0854093885353177
Latchup detected 6740
0.0975625031095131
Latchup detected 3894
0.08169593685986912
Latchup detected 14044
0.08338386943961847
Latchup detected 13600
0.09081077279051566
Latchup detected 7807
0.0985752626573627
Latchup detected 13938
0.04422383358943324
Latchup detected 12688
0.09958802220521235
Latchup detected 8703
0.09790008962546295
Latchup detected 8023
0.09114835930646553
Latchup detected 4671
0.09857526265736272
Latchup detected 4217
0.08473421550341795
Latchup detected 14375
0.09216111885431513
Latchup detected 185
0.09688733007761334
Latchup detected 10423
0.09756250310951312
Latchup detected 8160
0.09823767614141285
Latchup detected 2026
0.0843966289874681
Latchup detected 2057
0.03443382462688696
Latchup detected 15408
0.092498705370265
Latchup detected 5460
0.07663213912062103
Latchup detected 55
0.0752817930568215
Latchup detected 8731
0.0779824851844205
Latchup detected 2383
0.07832007170037038
Latchup detected 12552
0.07426903350897193
Latchup detected 6399
0.07663213912062103
Latchup detected 330
0.07460662002492177
Latchup detected 10130
0.07865765821632026
Latchup detected 3998
0.021267950504841954
Latchup detected 2035
0.07595696608872124
Latchup detected 6220
0.07190592789732281
Latchup detected 77
0.033083478563087465
Latchup detected 14356
0.08000800428011975
Latchup detected 952
0.03240830553118773
Latchup detected 2369
0.03308347856308751
Latchup detected 7142
0.030720372951438382
Latchup detected 1074
0.031057959467388263
Latchup detected 8734
0.026331748244090056
Latchup detected 1170
0.09418663795001436
Latchup detected 12068
0.09418663795001439
Latchup detected 7217
0.07798248518442052
Latchup detected 633
0.0935114649181146
Latchup detected 11680
0.09654974356166349
Latchup detected 5628
0.09519939749786402
Latchup detected 16351
0.09519939749786399
Latchup detected 8466
0.07967041776416989
Latchup detected 2244
0.095199397497864
Latchup detected 7578
0.09351146491811466
Latchup detected 2159
0.022618296568641463
Latchup detected 12394
0.02464381566434068
Latchup detected 6413
-0.1134290693591571
Latchup detected 16356
0.09452422446596426
Latchup detected 7985
0.09384905143406451
Latchup detected 1931
0.09553698401381386
Latchup detected 12806
0.09317387840216476
Latchup detected 6828
0.09519939749786398
Latchup detected 3518
0.035108997658786695
Latchup detected 14225
0.05806488074337804
Latchup detected 8564
0.0715683413813729
Latchup detected 2340
0.09519939749786402
Latchup detected 10843
0.09452422446596423
Latchup detected 5731
0.092498705370265
Latchup detected 15897
0.09317387840216476
Latchup detected 9748
0.09452422446596423
Latchup detected 3925
0.09283629188621488
Latchup detected 2544
0.09283629188621491
Latchup detected 13104
0.08709732111506704
Latchup detected 7842
0.09351146491811461
Latchup detected 2179
0.09351146491811463
Latchup detected 10361
0.095199397497864
Latchup detected 4543
0.09216111885431516
Latchup detected 15428
0.0756193795727714
Latchup detected 9359
0.09452422446596424
Latchup detected 1976
0.09452422446596427
Latchup detected 13196
0.09317387840216475
Latchup detected 9708
0.08507180201936784
Latchup detected 4124
0.09519939749786398
Latchup detected 15173
0.09182353233836528
Latchup detected 5974
0.09384905143406448
Latchup detected 16141
0.0938490514340645
Latchup detected 13267
0.09654974356166349
Latchup detected 8810
0.09283629188621487
Latchup detected 3145
0.08169593685986908
Latchup detected 3170
0.0948618109819141
Latchup detected 12544
-0.11444182890700672
Latchup detected 16356
0.07021799531757345
Latchup detected 15238
0.034771411142836856
Latchup detected 9176
0.09452422446596423
Latchup detected 3279
0.0708931683494732
Latchup detected 13911
0.09418663795001435
Latchup detected 11468
0.09249870537026503
Latchup detected 5241
0.09114835930646555
Latchup detected 15397
0.07933283124821998
Latchup detected 10654
0.09351146491811466
Latchup detected 4676
0.06549178409427524
Latchup detected 15238
0.09486181098191412
Latchup detected 9103
0.09418663795001439
Latchup detected 1788
0.03342106507903739
Latchup detected 12176
0.09486181098191411
Latchup detected 6678
0.0904731862745658
Latchup detected 628
0.09283629188621488
Latchup detected 10796
0.09351146491811464
Latchup detected 4897
0.09384905143406451
Latchup detected 15143
0.09418663795001439
Latchup detected 9318
0.08979801324266605
Latchup detected 4205
0.0938490514340645
Latchup detected 1612
0.08946042672671614
Latchup detected 11618
0.04051038191398465
Latchup detected 10603
Over 0.135 2344
Over 0.135 10997
Over 0.135 3256
Over 0.135 11875
Over 0.135 4058
Over 0.135 12589
Over 0.135 4813
Over 0.135 13388
Over 0.135 5540
Over 0.135 14126
Over 0.135 6327
Over 0.135 14890
Over 0.135 7055
Over 0.135 15684
Over 0.135 7891
Over 0.135 118
Over 0.135 8664
Over 0.135 810
Over 0.135 9378
Over 0.135 1545
0.06279109196667626
Latchup detected 1987
0.06447902454642562
Latchup detected 12541
0.06245350545072642
Latchup detected 2114
0.05806488074337801
Latchup detected 12435
0.062115918934776526
Latchup detected 7011
0.062453505450726365
Latchup detected 15920
0.05806488074337807
Latchup detected 10163
0.052663496488180084
Latchup detected 783
0.06312867848262615
Latchup detected 12397
0.0611031593869269
Latchup detected 6803
0.0631286784826261
Latchup detected 2989
0.062453505450726365
Latchup detected 13635
0.062453505450726365
Latchup detected 8558
0.055701775131728914
Latchup detected 3768
0.063466264998576
Latchup detected 13321
0.062453505450726365
Latchup detected 7494
0.047599698748931996
Latchup detected 5539
0.03882244933423534
Latchup detected 111
0.06582937061022509
Latchup detected 797
0.063466264998576
Latchup detected 7109
